[sailing][${env:SERVER_PORT}] 2023-10-05 20:07:01,200 INFO [main][StartupInfoLogger.java:50] - Starting SailingBootstrap on BF-202304131106 with PID 12172 (D:\code\pay\sailing\target\classes started by Administrator in D:\code\pay)
[sailing][${env:SERVER_PORT}] 2023-10-05 20:07:01,229 INFO [main][SpringApplication.java:675] - No active profile set, falling back to default profiles: default
[sailing][${env:SERVER_PORT}] 2023-10-05 20:07:01,648 INFO [main][RepositoryConfigurationDelegate.java:244] - Multiple Spring Data modules found, entering strict repository configuration mode!
[sailing][${env:SERVER_PORT}] 2023-10-05 20:07:01,650 INFO [main][RepositoryConfigurationDelegate.java:126] - Bootstrapping Spring Data repositories in DEFAULT mode.
[sailing][${env:SERVER_PORT}] 2023-10-05 20:07:01,664 INFO [main][RepositoryConfigurationDelegate.java:182] - Finished Spring Data repository scanning in 8ms. Found 0 repository interfaces.
[sailing][${env:SERVER_PORT}] 2023-10-05 20:07:01,941 INFO [main][TomcatWebServer.java:90] - Tomcat initialized with port(s): 56085 (http)
[sailing][${env:SERVER_PORT}] 2023-10-05 20:07:01,948 INFO [main][DirectJDKLog.java:173] - Initializing ProtocolHandler ["http-nio-56085"]
[sailing][${env:SERVER_PORT}] 2023-10-05 20:07:01,962 INFO [main][DirectJDKLog.java:173] - Starting service [Tomcat]
[sailing][${env:SERVER_PORT}] 2023-10-05 20:07:01,962 INFO [main][DirectJDKLog.java:173] - Starting Servlet engine: [Apache Tomcat/9.0.16]
[sailing][${env:SERVER_PORT}] 2023-10-05 20:07:02,005 INFO [main][DirectJDKLog.java:173] - The APR based Apache Tomcat Native library which allows optimal performance in production environments was not found on the java.library.path: [D:\develop\java\jdk1.8\bin;C:\WINDOWS\Sun\Java\bin;C:\WINDOWS\system32;C:\WINDOWS;C:\Program Files (x86)\Common Files\Oracle\Java\javapath;D:\develop\vmware\bin\;C:\WINDOWS\system32;C:\WINDOWS;C:\WINDOWS\System32\Wbem;C:\WINDOWS\System32\WindowsPowerShell\v1.0\;C:\WINDOWS\System32\OpenSSH\;C:\Program Files\Microsoft SQL Server\Client SDK\ODBC\170\Tools\Binn\;C:\Program Files\Microsoft SQL Server\150\Tools\Binn\;D:\develop\git\Git\cmd;D:\develop\go\bin;%NVM_HOME%;C:\Program Files\nodejs;D:\develop\java\apache-maven-3.9.2\bin;D:\develop\java\jdk1.8\bin;C:\Program Files\dotnet\;C:\Users\Administrator\AppData\Local\Microsoft\WindowsApps;D:\develop\vscode\Microsoft VS Code\bin;D:\develop\git\Git\bin;C:\Users\Administrator\go\bin;D:\develop\protoc\bin;D:\develop\go\gopath\bin;D:\develop\nvm;D:\develop\nodejs;D:\develop\npm;D:\develop\nuget;C:\Users\Administrator\.dotnet\tools;.]
[sailing][${env:SERVER_PORT}] 2023-10-05 20:07:02,055 INFO [main][DirectJDKLog.java:173] - Initializing Spring embedded WebApplicationContext
[sailing][${env:SERVER_PORT}] 2023-10-05 20:07:02,055 INFO [main][ServletWebServerApplicationContext.java:296] - Root WebApplicationContext: initialization completed in 811 ms
[sailing][${env:SERVER_PORT}] 2023-10-05 20:07:02,432 INFO [main][EndpointLinksResolver.java:59] - Exposing 2 endpoint(s) beneath base path '/actuator'
[sailing][${env:SERVER_PORT}] 2023-10-05 20:07:02,462 INFO [main][PropertySourcedRequestMappingHandlerMapping.java:69] - Mapped URL path [/v2/api-docs] onto method [public org.springframework.http.ResponseEntity<springfox.documentation.spring.web.json.Json> springfox.documentation.swagger2.web.Swagger2Controller.getDocumentation(java.lang.String,javax.servlet.http.HttpServletRequest)]
[sailing][${env:SERVER_PORT}] 2023-10-05 20:07:02,516 INFO [main][ExecutorConfigurationSupport.java:171] - Initializing ExecutorService 'applicationTaskExecutor'
[sailing][${env:SERVER_PORT}] 2023-10-05 20:07:02,643 INFO [main][DocumentationPluginsBootstrapper.java:160] - Context refreshed
[sailing][${env:SERVER_PORT}] 2023-10-05 20:07:02,652 INFO [main][DocumentationPluginsBootstrapper.java:163] - Found 1 custom documentation plugin(s)
[sailing][${env:SERVER_PORT}] 2023-10-05 20:07:02,666 INFO [main][ApiListingReferenceScanner.java:41] - Scanning for api listing references
[sailing][${env:SERVER_PORT}] 2023-10-05 20:07:02,731 INFO [main][DirectJDKLog.java:173] - Starting ProtocolHandler ["http-nio-56085"]
[sailing][${env:SERVER_PORT}] 2023-10-05 20:07:02,742 INFO [main][TomcatWebServer.java:204] - Tomcat started on port(s): 56085 (http) with context path '/sailing'
[sailing][${env:SERVER_PORT}] 2023-10-05 20:07:02,743 INFO [main][StartupInfoLogger.java:59] - Started SailingBootstrap in 1.674 seconds (JVM running for 2.229)
[sailing][${env:SERVER_PORT}] 2023-10-05 20:07:03,056 INFO [RMI TCP Connection(2)-192.168.78.99][DirectJDKLog.java:173] - Initializing Spring DispatcherServlet 'dispatcherServlet'
[sailing][${env:SERVER_PORT}] 2023-10-05 20:07:03,056 INFO [RMI TCP Connection(2)-192.168.78.99][FrameworkServlet.java:524] - Initializing Servlet 'dispatcherServlet'
[sailing][${env:SERVER_PORT}] 2023-10-05 20:07:03,060 INFO [RMI TCP Connection(2)-192.168.78.99][FrameworkServlet.java:546] - Completed initialization in 4 ms
[sailing][${env:SERVER_PORT}] 2023-10-05 20:07:03,595 INFO [RMI TCP Connection(3)-192.168.78.99][EpollProvider.java:68] - Starting without optional epoll library
[sailing][${env:SERVER_PORT}] 2023-10-05 20:07:03,596 INFO [RMI TCP Connection(3)-192.168.78.99][KqueueProvider.java:70] - Starting without optional kqueue library
