[${project.name}][${env:SERVER_PORT}] 2023-10-05 11:25:54,408 INFO [main][StartupInfoLogger.java:50] - Starting SailingBootstrap on BF-202304131106 with PID 20840 (D:\code\pay\sailing\target\classes started by Administrator in D:\code\pay)
[${project.name}][${env:SERVER_PORT}] 2023-10-05 11:25:54,437 INFO [main][SpringApplication.java:675] - No active profile set, falling back to default profiles: default
[${project.name}][${env:SERVER_PORT}] 2023-10-05 11:25:54,827 INFO [main][RepositoryConfigurationDelegate.java:244] - Multiple Spring Data modules found, entering strict repository configuration mode!
[${project.name}][${env:SERVER_PORT}] 2023-10-05 11:25:54,828 INFO [main][RepositoryConfigurationDelegate.java:126] - Bootstrapping Spring Data repositories in DEFAULT mode.
[${project.name}][${env:SERVER_PORT}] 2023-10-05 11:25:54,843 INFO [main][RepositoryConfigurationDelegate.java:182] - Finished Spring Data repository scanning in 9ms. Found 0 repository interfaces.
[${project.name}][${env:SERVER_PORT}] 2023-10-05 11:25:55,084 INFO [main][TomcatWebServer.java:90] - Tomcat initialized with port(s): 56085 (http)
[${project.name}][${env:SERVER_PORT}] 2023-10-05 11:25:55,090 INFO [main][DirectJDKLog.java:173] - Initializing ProtocolHandler ["http-nio-56085"]
[${project.name}][${env:SERVER_PORT}] 2023-10-05 11:25:55,094 INFO [main][DirectJDKLog.java:173] - Starting service [Tomcat]
[${project.name}][${env:SERVER_PORT}] 2023-10-05 11:25:55,094 INFO [main][DirectJDKLog.java:173] - Starting Servlet engine: [Apache Tomcat/9.0.16]
[${project.name}][${env:SERVER_PORT}] 2023-10-05 11:25:55,138 INFO [main][DirectJDKLog.java:173] - The APR based Apache Tomcat Native library which allows optimal performance in production environments was not found on the java.library.path: [D:\develop\java\jdk1.8\bin;C:\WINDOWS\Sun\Java\bin;C:\WINDOWS\system32;C:\WINDOWS;C:\Program Files (x86)\Common Files\Oracle\Java\javapath;D:\develop\vmware\bin\;C:\WINDOWS\system32;C:\WINDOWS;C:\WINDOWS\System32\Wbem;C:\WINDOWS\System32\WindowsPowerShell\v1.0\;C:\WINDOWS\System32\OpenSSH\;C:\Program Files\Microsoft SQL Server\Client SDK\ODBC\170\Tools\Binn\;C:\Program Files\Microsoft SQL Server\150\Tools\Binn\;D:\develop\git\Git\cmd;D:\develop\go\bin;%NVM_HOME%;C:\Program Files\nodejs;D:\develop\java\apache-maven-3.9.2\bin;D:\develop\java\jdk1.8\bin;C:\Program Files\dotnet\;C:\Users\Administrator\AppData\Local\Microsoft\WindowsApps;D:\develop\vscode\Microsoft VS Code\bin;D:\develop\git\Git\bin;C:\Users\Administrator\go\bin;D:\develop\protoc\bin;D:\develop\go\gopath\bin;D:\develop\nvm;D:\develop\nodejs;D:\develop\npm;D:\develop\nuget;C:\Users\Administrator\.dotnet\tools;.]
[${project.name}][${env:SERVER_PORT}] 2023-10-05 11:25:55,180 INFO [main][DirectJDKLog.java:173] - Initializing Spring embedded WebApplicationContext
[${project.name}][${env:SERVER_PORT}] 2023-10-05 11:25:55,180 INFO [main][ServletWebServerApplicationContext.java:296] - Root WebApplicationContext: initialization completed in 730 ms
[${project.name}][${env:SERVER_PORT}] 2023-10-05 11:25:55,527 INFO [main][EndpointLinksResolver.java:59] - Exposing 2 endpoint(s) beneath base path '/actuator'
[${project.name}][${env:SERVER_PORT}] 2023-10-05 11:25:55,555 INFO [main][PropertySourcedRequestMappingHandlerMapping.java:69] - Mapped URL path [/v2/api-docs] onto method [public org.springframework.http.ResponseEntity<springfox.documentation.spring.web.json.Json> springfox.documentation.swagger2.web.Swagger2Controller.getDocumentation(java.lang.String,javax.servlet.http.HttpServletRequest)]
[${project.name}][${env:SERVER_PORT}] 2023-10-05 11:25:55,605 INFO [main][ExecutorConfigurationSupport.java:171] - Initializing ExecutorService 'applicationTaskExecutor'
[${project.name}][${env:SERVER_PORT}] 2023-10-05 11:25:55,738 INFO [main][DocumentationPluginsBootstrapper.java:160] - Context refreshed
[${project.name}][${env:SERVER_PORT}] 2023-10-05 11:25:55,747 INFO [main][DocumentationPluginsBootstrapper.java:163] - Found 1 custom documentation plugin(s)
[${project.name}][${env:SERVER_PORT}] 2023-10-05 11:25:55,762 INFO [main][ApiListingReferenceScanner.java:41] - Scanning for api listing references
[${project.name}][${env:SERVER_PORT}] 2023-10-05 11:25:55,840 INFO [main][DirectJDKLog.java:173] - Starting ProtocolHandler ["http-nio-56085"]
[${project.name}][${env:SERVER_PORT}] 2023-10-05 11:25:55,851 INFO [main][TomcatWebServer.java:204] - Tomcat started on port(s): 56085 (http) with context path '/sailing'
[${project.name}][${env:SERVER_PORT}] 2023-10-05 11:25:55,852 INFO [main][StartupInfoLogger.java:59] - Started SailingBootstrap in 1.573 seconds (JVM running for 2.017)
[${project.name}][${env:SERVER_PORT}] 2023-10-05 11:25:56,374 INFO [RMI TCP Connection(5)-192.168.78.99][DirectJDKLog.java:173] - Initializing Spring DispatcherServlet 'dispatcherServlet'
[${project.name}][${env:SERVER_PORT}] 2023-10-05 11:25:56,374 INFO [RMI TCP Connection(5)-192.168.78.99][FrameworkServlet.java:524] - Initializing Servlet 'dispatcherServlet'
[${project.name}][${env:SERVER_PORT}] 2023-10-05 11:25:56,378 INFO [RMI TCP Connection(5)-192.168.78.99][FrameworkServlet.java:546] - Completed initialization in 4 ms
[${project.name}][${env:SERVER_PORT}] 2023-10-05 11:25:58,085 INFO [RMI TCP Connection(4)-192.168.78.99][EpollProvider.java:68] - Starting without optional epoll library
[${project.name}][${env:SERVER_PORT}] 2023-10-05 11:25:58,086 INFO [RMI TCP Connection(4)-192.168.78.99][KqueueProvider.java:70] - Starting without optional kqueue library
[${project.name}][${env:SERVER_PORT}] 2023-10-05 11:35:56,099 INFO [Thread-5][ExecutorConfigurationSupport.java:208] - Shutting down ExecutorService 'applicationTaskExecutor'
